block in append_cflags: checking for whether -std=c99 is accepted as CFLAGS... -------------------- yes

LD_LIBRARY_PATH=.:/home/sahar/.rbenv/versions/3.1.0/lib "gcc -o conftest -I/home/sahar/.rbenv/versions/3.1.0/include/ruby-3.1.0/x86_64-linux -I/home/sahar/.rbenv/versions/3.1.0/include/ruby-3.1.0/ruby/backward -I/home/sahar/.rbenv/versions/3.1.0/include/ruby-3.1.0 -I.    -O3 -fno-fast-math -ggdb3 -Wall -Wextra -Wdeprecated-declarations -Wduplicated-cond -Wimplicit-function-declaration -Wimplicit-int -Wmisleading-indentation -Wpointer-arith -Wwrite-strings -Wimplicit-fallthrough=0 -Wmissing-noreturn -Wno-cast-function-type -Wno-constant-logical-operand -Wno-long-long -Wno-missing-field-initializers -Wno-overlength-strings -Wno-packed-bitfield-compat -Wno-parentheses-equality -Wno-self-assign -Wno-tautological-compare -Wno-unused-parameter -Wno-unused-value -Wsuggest-attribute=format -Wsuggest-attribute=noreturn -Wunused-variable -Wundef  -fPIC conftest.c  -L. -L/home/sahar/.rbenv/versions/3.1.0/lib -Wl,-rpath,/home/sahar/.rbenv/versions/3.1.0/lib -L. -fstack-protector-strong -rdynamic -Wl,-export-dynamic -Wl,--no-as-needed     -Wl,-rpath,/home/sahar/.rbenv/versions/3.1.0/lib -L/home/sahar/.rbenv/versions/3.1.0/lib -lruby  -lm  -lc"
checked program was:
/* begin */
1: #include "ruby.h"
2: 
3: int main(int argc, char **argv)
4: {
5:   return !!argv[argc];
6: }
/* end */

LD_LIBRARY_PATH=.:/home/sahar/.rbenv/versions/3.1.0/lib "gcc -I/home/sahar/.rbenv/versions/3.1.0/include/ruby-3.1.0/x86_64-linux -I/home/sahar/.rbenv/versions/3.1.0/include/ruby-3.1.0/ruby/backward -I/home/sahar/.rbenv/versions/3.1.0/include/ruby-3.1.0 -I.    -O3 -fno-fast-math -ggdb3 -Wall -Wextra -Wdeprecated-declarations -Wduplicated-cond -Wimplicit-function-declaration -Wimplicit-int -Wmisleading-indentation -Wpointer-arith -Wwrite-strings -Wimplicit-fallthrough=0 -Wmissing-noreturn -Wno-cast-function-type -Wno-constant-logical-operand -Wno-long-long -Wno-missing-field-initializers -Wno-overlength-strings -Wno-packed-bitfield-compat -Wno-parentheses-equality -Wno-self-assign -Wno-tautological-compare -Wno-unused-parameter -Wno-unused-value -Wsuggest-attribute=format -Wsuggest-attribute=noreturn -Wunused-variable -Wundef  -fPIC  -std=c99 -Werror -c conftest.c"
checked program was:
/* begin */
1: #include "ruby.h"
2: 
3: int main(int argc, char **argv)
4: {
5:   return !!argv[argc];
6: }
/* end */

--------------------

block in append_cflags: checking for whether -Wno-declaration-after-statement is accepted as CFLAGS... -------------------- yes

LD_LIBRARY_PATH=.:/home/sahar/.rbenv/versions/3.1.0/lib "gcc -I/home/sahar/.rbenv/versions/3.1.0/include/ruby-3.1.0/x86_64-linux -I/home/sahar/.rbenv/versions/3.1.0/include/ruby-3.1.0/ruby/backward -I/home/sahar/.rbenv/versions/3.1.0/include/ruby-3.1.0 -I.    -O3 -fno-fast-math -ggdb3 -Wall -Wextra -Wdeprecated-declarations -Wduplicated-cond -Wimplicit-function-declaration -Wimplicit-int -Wmisleading-indentation -Wpointer-arith -Wwrite-strings -Wimplicit-fallthrough=0 -Wmissing-noreturn -Wno-cast-function-type -Wno-constant-logical-operand -Wno-long-long -Wno-missing-field-initializers -Wno-overlength-strings -Wno-packed-bitfield-compat -Wno-parentheses-equality -Wno-self-assign -Wno-tautological-compare -Wno-unused-parameter -Wno-unused-value -Wsuggest-attribute=format -Wsuggest-attribute=noreturn -Wunused-variable -Wundef  -fPIC -std=c99  -Wno-declaration-after-statement -Werror -c conftest.c"
checked program was:
/* begin */
1: #include "ruby.h"
2: 
3: int main(int argc, char **argv)
4: {
5:   return !!argv[argc];
6: }
/* end */

--------------------

block in append_cflags: checking for whether -O2 is accepted as CFLAGS... -------------------- yes

LD_LIBRARY_PATH=.:/home/sahar/.rbenv/versions/3.1.0/lib "gcc -I/home/sahar/.rbenv/versions/3.1.0/include/ruby-3.1.0/x86_64-linux -I/home/sahar/.rbenv/versions/3.1.0/include/ruby-3.1.0/ruby/backward -I/home/sahar/.rbenv/versions/3.1.0/include/ruby-3.1.0 -I.    -O3 -fno-fast-math -ggdb3 -Wall -Wextra -Wdeprecated-declarations -Wduplicated-cond -Wimplicit-function-declaration -Wimplicit-int -Wmisleading-indentation -Wpointer-arith -Wwrite-strings -Wimplicit-fallthrough=0 -Wmissing-noreturn -Wno-cast-function-type -Wno-constant-logical-operand -Wno-long-long -Wno-missing-field-initializers -Wno-overlength-strings -Wno-packed-bitfield-compat -Wno-parentheses-equality -Wno-self-assign -Wno-tautological-compare -Wno-unused-parameter -Wno-unused-value -Wsuggest-attribute=format -Wsuggest-attribute=noreturn -Wunused-variable -Wundef  -fPIC -std=c99 -Wno-declaration-after-statement  -O2 -Werror -c conftest.c"
checked program was:
/* begin */
1: #include "ruby.h"
2: 
3: int main(int argc, char **argv)
4: {
5:   return !!argv[argc];
6: }
/* end */

--------------------

block in append_cflags: checking for whether -g is accepted as CFLAGS... -------------------- yes

LD_LIBRARY_PATH=.:/home/sahar/.rbenv/versions/3.1.0/lib "gcc -I/home/sahar/.rbenv/versions/3.1.0/include/ruby-3.1.0/x86_64-linux -I/home/sahar/.rbenv/versions/3.1.0/include/ruby-3.1.0/ruby/backward -I/home/sahar/.rbenv/versions/3.1.0/include/ruby-3.1.0 -I.    -O3 -fno-fast-math -ggdb3 -Wall -Wextra -Wdeprecated-declarations -Wduplicated-cond -Wimplicit-function-declaration -Wimplicit-int -Wmisleading-indentation -Wpointer-arith -Wwrite-strings -Wimplicit-fallthrough=0 -Wmissing-noreturn -Wno-cast-function-type -Wno-constant-logical-operand -Wno-long-long -Wno-missing-field-initializers -Wno-overlength-strings -Wno-packed-bitfield-compat -Wno-parentheses-equality -Wno-self-assign -Wno-tautological-compare -Wno-unused-parameter -Wno-unused-value -Wsuggest-attribute=format -Wsuggest-attribute=noreturn -Wunused-variable -Wundef  -fPIC -std=c99 -Wno-declaration-after-statement -O2  -g -Werror -c conftest.c"
checked program was:
/* begin */
1: #include "ruby.h"
2: 
3: int main(int argc, char **argv)
4: {
5:   return !!argv[argc];
6: }
/* end */

--------------------

block in append_cflags: checking for whether -Winline is accepted as CFLAGS... -------------------- yes

LD_LIBRARY_PATH=.:/home/sahar/.rbenv/versions/3.1.0/lib "gcc -I/home/sahar/.rbenv/versions/3.1.0/include/ruby-3.1.0/x86_64-linux -I/home/sahar/.rbenv/versions/3.1.0/include/ruby-3.1.0/ruby/backward -I/home/sahar/.rbenv/versions/3.1.0/include/ruby-3.1.0 -I.    -O3 -fno-fast-math -ggdb3 -Wall -Wextra -Wdeprecated-declarations -Wduplicated-cond -Wimplicit-function-declaration -Wimplicit-int -Wmisleading-indentation -Wpointer-arith -Wwrite-strings -Wimplicit-fallthrough=0 -Wmissing-noreturn -Wno-cast-function-type -Wno-constant-logical-operand -Wno-long-long -Wno-missing-field-initializers -Wno-overlength-strings -Wno-packed-bitfield-compat -Wno-parentheses-equality -Wno-self-assign -Wno-tautological-compare -Wno-unused-parameter -Wno-unused-value -Wsuggest-attribute=format -Wsuggest-attribute=noreturn -Wunused-variable -Wundef  -fPIC -std=c99 -Wno-declaration-after-statement -O2 -g  -Winline -Werror -c conftest.c"
checked program was:
/* begin */
1: #include "ruby.h"
2: 
3: int main(int argc, char **argv)
4: {
5:   return !!argv[argc];
6: }
/* end */

--------------------

block in append_cflags: checking for whether -Wmissing-noreturn is accepted as CFLAGS... -------------------- yes

LD_LIBRARY_PATH=.:/home/sahar/.rbenv/versions/3.1.0/lib "gcc -I/home/sahar/.rbenv/versions/3.1.0/include/ruby-3.1.0/x86_64-linux -I/home/sahar/.rbenv/versions/3.1.0/include/ruby-3.1.0/ruby/backward -I/home/sahar/.rbenv/versions/3.1.0/include/ruby-3.1.0 -I.    -O3 -fno-fast-math -ggdb3 -Wall -Wextra -Wdeprecated-declarations -Wduplicated-cond -Wimplicit-function-declaration -Wimplicit-int -Wmisleading-indentation -Wpointer-arith -Wwrite-strings -Wimplicit-fallthrough=0 -Wmissing-noreturn -Wno-cast-function-type -Wno-constant-logical-operand -Wno-long-long -Wno-missing-field-initializers -Wno-overlength-strings -Wno-packed-bitfield-compat -Wno-parentheses-equality -Wno-self-assign -Wno-tautological-compare -Wno-unused-parameter -Wno-unused-value -Wsuggest-attribute=format -Wsuggest-attribute=noreturn -Wunused-variable -Wundef  -fPIC -std=c99 -Wno-declaration-after-statement -O2 -g -Winline  -Wmissing-noreturn -Werror -c conftest.c"
checked program was:
/* begin */
1: #include "ruby.h"
2: 
3: int main(int argc, char **argv)
4: {
5:   return !!argv[argc];
6: }
/* end */

--------------------

block in append_cflags: checking for whether -Wconversion is accepted as CFLAGS... -------------------- no

LD_LIBRARY_PATH=.:/home/sahar/.rbenv/versions/3.1.0/lib "gcc -I/home/sahar/.rbenv/versions/3.1.0/include/ruby-3.1.0/x86_64-linux -I/home/sahar/.rbenv/versions/3.1.0/include/ruby-3.1.0/ruby/backward -I/home/sahar/.rbenv/versions/3.1.0/include/ruby-3.1.0 -I.    -O3 -fno-fast-math -ggdb3 -Wall -Wextra -Wdeprecated-declarations -Wduplicated-cond -Wimplicit-function-declaration -Wimplicit-int -Wmisleading-indentation -Wpointer-arith -Wwrite-strings -Wimplicit-fallthrough=0 -Wmissing-noreturn -Wno-cast-function-type -Wno-constant-logical-operand -Wno-long-long -Wno-missing-field-initializers -Wno-overlength-strings -Wno-packed-bitfield-compat -Wno-parentheses-equality -Wno-self-assign -Wno-tautological-compare -Wno-unused-parameter -Wno-unused-value -Wsuggest-attribute=format -Wsuggest-attribute=noreturn -Wunused-variable -Wundef  -fPIC -std=c99 -Wno-declaration-after-statement -O2 -g -Winline -Wmissing-noreturn  -Wconversion -Werror -c conftest.c"
In file included from /home/sahar/.rbenv/versions/3.1.0/include/ruby-3.1.0/ruby/internal/arithmetic/long.h:42,
                 from /home/sahar/.rbenv/versions/3.1.0/include/ruby-3.1.0/ruby/internal/arithmetic/int.h:26,
                 from /home/sahar/.rbenv/versions/3.1.0/include/ruby-3.1.0/ruby/internal/arithmetic/char.h:23,
                 from /home/sahar/.rbenv/versions/3.1.0/include/ruby-3.1.0/ruby/internal/arithmetic.h:23,
                 from /home/sahar/.rbenv/versions/3.1.0/include/ruby-3.1.0/ruby/ruby.h:27,
                 from /home/sahar/.rbenv/versions/3.1.0/include/ruby-3.1.0/ruby.h:38,
                 from conftest.c:1:
/home/sahar/.rbenv/versions/3.1.0/include/ruby-3.1.0/ruby/internal/special_consts.h: In function ‘RB_TEST’:
/home/sahar/.rbenv/versions/3.1.0/include/ruby-3.1.0/ruby/internal/special_consts.h:148:16: error: unsigned conversion from ‘int’ to ‘VALUE’ {aka ‘long unsigned int’} changes value from ‘-9’ to ‘18446744073709551607’ [-Werror=sign-conversion]
  148 |     return obj & ~RUBY_Qnil;
      |                ^
/home/sahar/.rbenv/versions/3.1.0/include/ruby-3.1.0/ruby/internal/special_consts.h: In function ‘rb_special_const_p’:
/home/sahar/.rbenv/versions/3.1.0/include/ruby-3.1.0/ruby/internal/special_consts.h:282:36: error: conversion to ‘VALUE’ {aka ‘long unsigned int’} from ‘int’ may change the sign of the result [-Werror=sign-conversion]
  282 |     return RB_SPECIAL_CONST_P(obj) * RUBY_Qtrue;
      |                                    ^
In file included from /home/sahar/.rbenv/versions/3.1.0/include/ruby-3.1.0/ruby/internal/arithmetic/int.h:26,
                 from /home/sahar/.rbenv/versions/3.1.0/include/ruby-3.1.0/ruby/internal/arithmetic/char.h:23,
                 from /home/sahar/.rbenv/versions/3.1.0/include/ruby-3.1.0/ruby/internal/arithmetic.h:23,
                 from /home/sahar/.rbenv/versions/3.1.0/include/ruby-3.1.0/ruby/ruby.h:27,
                 from /home/sahar/.rbenv/versions/3.1.0/include/ruby-3.1.0/ruby.h:38,
                 from conftest.c:1:
/home/sahar/.rbenv/versions/3.1.0/include/ruby-3.1.0/ruby/internal/arithmetic/long.h: In function ‘RB_INT2FIX’:
/home/sahar/.rbenv/versions/3.1.0/include/ruby-3.1.0/ruby/internal/arithmetic/long.h:117:29: error: conversion to ‘long unsigned int’ from ‘long int’ may change the sign of the result [-Werror=sign-conversion]
  117 |     const unsigned long j = i;
      |                             ^
/home/sahar/.rbenv/versions/3.1.0/include/ruby-3.1.0/ruby/internal/arithmetic/long.h:119:29: error: conversion to ‘long int’ from ‘long unsigned int’ may change the sign of the result [-Werror=sign-conversion]
  119 |     const long          l = k;
      |                             ^
/home/sahar/.rbenv/versions/3.1.0/include/ruby-3.1.0/ruby/internal/arithmetic/long.h:121:29: error: conversion to ‘VALUE’ {aka ‘const long unsigned int’} from ‘long int’ may change the sign of the result [-Werror=sign-conversion]
  121 |     const VALUE         n = m;
      |                             ^
/home/sahar/.rbenv/versions/3.1.0/include/ruby-3.1.0/ruby/internal/arithmetic/long.h: In function ‘rbimpl_fix2long_by_idiv’:
/home/sahar/.rbenv/versions/3.1.0/include/ruby-3.1.0/ruby/internal/arithmetic/long.h:169:28: error: conversion to ‘long int’ from ‘VALUE’ {aka ‘long unsigned int’} may change the sign of the result [-Werror=sign-conversion]
  169 |     const SIGNED_VALUE y = x - RUBY_FIXNUM_FLAG;
      |                            ^
/home/sahar/.rbenv/versions/3.1.0/include/ruby-3.1.0/ruby/internal/arithmetic/long.h: In function ‘rbimpl_fix2long_by_shift’:
/home/sahar/.rbenv/versions/3.1.0/include/ruby-3.1.0/ruby/internal/arithmetic/long.h:196:28: error: conversion to ‘long int’ from ‘VALUE’ {aka ‘long unsigned int’} may change the sign of the result [-Werror=sign-conversion]
  196 |     const SIGNED_VALUE y = x;
      |                            ^
/home/sahar/.rbenv/versions/3.1.0/include/ruby-3.1.0/ruby/internal/arithmetic/long.h: In function ‘rb_fix2ulong’:
/home/sahar/.rbenv/versions/3.1.0/include/ruby-3.1.0/ruby/internal/arithmetic/long.h:255:12: error: conversion to ‘long unsigned int’ from ‘long int’ may change the sign of the result [-Werror=sign-conversion]
  255 |     return rb_fix2long(x);
      |            ^~~~~~~~~~~~~~
/home/sahar/.rbenv/versions/3.1.0/include/ruby-3.1.0/ruby/internal/arithmetic/long.h: In function ‘rb_ulong2num_inline’:
/home/sahar/.rbenv/versions/3.1.0/include/ruby-3.1.0/ruby/internal/arithmetic/long.h:326:28: error: conversion to ‘long int’ from ‘long unsigned int’ may change the sign of the result [-Werror=sign-conversion]
  326 |         return RB_LONG2FIX(v);
      |                            ^
/home/sahar/.rbenv/versions/3.1.0/include/ruby-3.1.0/ruby/internal/arithmetic/long_long.h: In function ‘rb_num2ull_inline’:
/home/sahar/.rbenv/versions/3.1.0/include/ruby-3.1.0/ruby/internal/arithmetic/long.h:53:22: error: conversion to ‘long long unsigned int’ from ‘long int’ may change the sign of the result [-Werror=sign-conversion]
   53 | #define RB_FIX2LONG  rb_fix2long          /**< @alias{rb_fix2long} */
/home/sahar/.rbenv/versions/3.1.0/include/ruby-3.1.0/ruby/internal/arithmetic/long_long.h:130:16: note: in expansion of macro ‘RB_FIX2LONG’
  130 |         return RB_FIX2LONG(x);
      |                ^~~~~~~~~~~
In file included from /home/sahar/.rbenv/versions/3.1.0/include/ruby-3.1.0/ruby/internal/arithmetic.h:36,
                 from /home/sahar/.rbenv/versions/3.1.0/include/ruby-3.1.0/ruby/ruby.h:27,
                 from /home/sahar/.rbenv/versions/3.1.0/include/ruby-3.1.0/ruby.h:38,
                 from conftest.c:1:
/home/sahar/.rbenv/versions/3.1.0/include/ruby-3.1.0/ruby/internal/arithmetic/st_data_t.h: In function ‘RB_ST2FIX’:
/home/sahar/.rbenv/versions/3.1.0/include/ruby-3.1.0/ruby/internal/arithmetic/st_data_t.h:61:22: error: conversion to ‘long int’ from ‘st_data_t’ {aka ‘long unsigned int’} may change the sign of the result [-Werror=sign-conversion]
   61 |     SIGNED_VALUE x = i;
      |                      ^
/home/sahar/.rbenv/versions/3.1.0/include/ruby-3.1.0/ruby/internal/arithmetic/st_data_t.h:72:24: error: conversion to ‘long int’ from ‘long unsigned int’ may change the sign of the result [-Werror=sign-conversion]
   72 |     return RB_LONG2FIX(y);
      |                        ^
In file included from /home/sahar/.rbenv/versions/3.1.0/include/ruby-3.1.0/ruby/ruby.h:41,
                 from /home/sahar/.rbenv/versions/3.1.0/include/ruby-3.1.0/ruby.h:38,
                 from conftest.c:1:
/home/sahar/.rbenv/versions/3.1.0/include/ruby-3.1.0/ruby/internal/memory.h: In function ‘rb_alloc_tmp_buffer2’:
/home/sahar/.rbenv/versions/3.1.0/include/ruby-3.1.0/ruby/internal/memory.h:642:56: error: conversion to ‘size_t’ {aka ‘long unsigned int’} from ‘long int’ may change the sign of the result [-Werror=sign-conversion]
  642 |     const size_t total_size = rbimpl_size_mul_or_raise(count, elsize);
      |                                                        ^~~~~
conftest.c: At top level:
cc1: error: unrecognized command line option ‘-Wno-self-assign’ [-Werror]
cc1: error: unrecognized command line option ‘-Wno-parentheses-equality’ [-Werror]
cc1: error: unrecognized command line option ‘-Wno-constant-logical-operand’ [-Werror]
cc1: all warnings being treated as errors
checked program was:
/* begin */
1: #include "ruby.h"
2: 
3: int main(int argc, char **argv)
4: {
5:   return !!argv[argc];
6: }
/* end */

--------------------

